eliza-evidence: target=aosp_cuttlefish_prebuilt artifact=cuttlefish_riscv64_prebuilt_smoke
eliza-evidence: schema=eliza.cuttlefish_prebuilt_smoke.v1
eliza-evidence: claim_boundary=virtual_device_launch_dry_run_not_a_boot_or_compatibility_claim
eliza-evidence: prebuilt_root=/home/shaw/.local/cuttlefish/images/riscv64/cf
eliza-evidence: build_branch=aosp-android-latest-release
eliza-evidence: build_target=aosp_cf_riscv64_phone-userdebug
eliza-evidence: build_id=15357239
eliza-evidence: kernel_version=6.8.0-mainline-ga5ed8b92e9f6-ab11698348
eliza-evidence: host_qemu=/home/shaw/.local/cuttlefish/qemu/usr/bin/qemu-system-riscv64
eliza-evidence: host_qemu_version=QEMU emulator version 9.2.1 (Debian 1:9.2.1+ds-1ubuntu5)
eliza-evidence: host_qemu_virtio_gpu=missing
eliza-evidence: report_recorded_utc=2026-05-20T07:24:00Z

eliza-evidence: attempt_id=1 attempt_start_utc=2026-05-19T01:15:00Z
eliza-evidence: attempt_1_args=--cpus=4 --memory_mb=4096 --gpu_mode=none --start_webrtc=false --daemon
eliza-evidence: attempt_1_failure_layer=qemu-system-riscv64
eliza-evidence: attempt_1_failure_excerpt=qemu-system-riscv64: qemu_prealloc_mem: preallocating memory failed: Bad address
eliza-evidence: attempt_1_root_cause=host had ~30 GiB total RAM but only ~497 MiB free; sibling agents + 17 GiB of active swap exhausted contiguous mmap range for guest_memory mlock
eliza-evidence: attempt_1_status=FAIL_HOST_RAM

eliza-evidence: attempt_id=2 attempt_start_utc=2026-05-19T01:30:00Z
eliza-evidence: attempt_2_args=--cpus=4 --memory_mb=8192 --gpu_mode=none --start_webrtc=false --daemon
eliza-evidence: attempt_2_failure_layer=assemble_cvd
eliza-evidence: attempt_2_failure_excerpt=Not enough space remaining in fs containing "userdata.img", wanted 8545730560, got 2294603776
eliza-evidence: attempt_2_root_cause=stale 17.5 GiB cuttlefish/instances/cvd-1/os_composite.img from attempt 1 left on the same filesystem
eliza-evidence: attempt_2_status=FAIL_HOST_DISK

eliza-evidence: attempt_id=3 attempt_start_utc=2026-05-20T01:54:56Z
eliza-evidence: attempt_3_args=--cpus=4 --memory_mb=8192 --gpu_mode=guest_swiftshader --start_webrtc=false --daemon
eliza-evidence: attempt_3_failure_layer=qemu-system-riscv64
eliza-evidence: attempt_3_failure_excerpt=qemu-system-riscv64: -device virtio-gpu-pci,id=gpu0,addr=02.0,xres=720,yres=1280: 'virtio-gpu-pci' is not a valid device model name
eliza-evidence: attempt_3_root_cause=bundled qemu-system-riscv64 (Debian 1:9.2.1+ds-1ubuntu5, extracted to ~/.local/cuttlefish/qemu/usr/bin/) was compiled without virtio-gpu; cuttlefish host package always emits a virtio-gpu-pci device even when --gpu_mode is set; --vm_manager=crosvm_manager does not bypass because the bundled crosvm in cvd-host_package-x86_64.tar.gz is only a qemu-img shim
eliza-evidence: attempt_3_qemu_cmd_evidence_path=~/.local/cuttlefish/images/riscv64/cf/cuttlefish_runtime/launcher.log
eliza-evidence: attempt_3_qemu_cmd_failure_grep_marker=process_monitor.cc:83
eliza-evidence: attempt_3_runtime_subprocess_exit_code=1
eliza-evidence: attempt_3_status=FAIL_HOST_QEMU_VIRTIO_GPU

eliza-evidence: confirmed_working_steps=launch_cvd_flag_parse; android_info_read; phone_config_selected; assemble_cvd_emits_cuttlefish_config_json; metadata_image_built; persistent_composite_built; sdcard_image_built; run_cvd_started_tombstone_receiver_cf_vhost_user_input_casimir_control_server_socket_vsock_proxy_control_env_proxy_server_adb_connector
eliza-evidence: failing_step=qemu-system-riscv64_subprocess_exit
eliza-evidence: artifact_set_integrity=ok
eliza-evidence: blockers=host_ram_under_load,host_disk_recovery_after_failed_attempt,host_qemu_virtio_gpu_disabled
eliza-evidence: remediation_doc=packages/chip/sw/aosp-device/CUTTLEFISH_PREBUILT.md#smoke-launch-outcome-on-this-host-2026-05-19
eliza-evidence: next_step_command=build qemu-system-riscv64 9.2.1 with --enable-virtio-gpu --enable-virglrenderer; replace ~/.local/cuttlefish/qemu/usr/bin/qemu-system-riscv64; re-run sw/aosp-device/launch-cuttlefish-riscv64.sh --host-path="$HOME/.local/cuttlefish/images/riscv64/cf" --product-path="$HOME/.local/cuttlefish/images/riscv64/cf" --gpu-mode=guest_swiftshader --memory-mb=4096 --cpus=4
eliza-evidence: status=BLOCKED
RESULT=2
