# Metal kernel verify — Apple M4 Max, macOS 26.2, 2026-06-23T15:44:03Z
## make metal-verify
[metal_verify] PASS — 8/8 passed (tol=1e-03)
[metal_verify] PASS — 8/8 passed (tol=1e-03)
[metal_verify] PASS — 8/8 passed (tol=1e-03)
[metal_verify] PASS — 8/8 passed (tol=1e-03)
[metal_verify] PASS — 8/8 passed (tol=1e-03)
[metal_verify] PASS — 8/8 passed (tol=1e-03)
[metal_verify] PASS — 8/8 passed (tol=1e-03)
[metal_verify] PASS — 8/8 passed (tol=1e-03)
## make metal-verify-multiblock
[metal_verify] PASS — 8/8 passed (tol=1e-03)
[metal_verify] PASS — 8/8 passed (tol=1e-03)
[metal_verify] PASS — 8/8 passed (tol=1e-03)
[metal_verify] PASS — 8/8 passed (tol=1e-03)
[metal_verify] PASS — 8/8 passed (tol=1e-03)
[metal_verify] PASS — 8/8 passed (tol=1e-03)
[metal_verify] PASS — 8/8 passed (tol=1e-03)
[metal_verify] PASS — 8/8 passed (tol=1e-03)
[metal_verify] PASS — 8/8 passed (tol=1e-03)
[metal_verify] PASS — 8/8 passed (tol=1e-03)
[metal_verify] PASS — 8/8 passed (tol=1e-03)
[metal_verify] PASS — 8/8 passed (tol=1e-03)
[metal_verify] PASS — 8/8 passed (tol=1e-03)
[metal_verify] PASS — 8/8 passed (tol=1e-03)
[metal_verify] PASS — 8/8 passed (tol=1e-03)
[metal_verify] PASS — 8/8 passed (tol=1e-03)
## make metal-verify-fused
  case 0 (n_heads=1 n_kv_heads=1 n_kv=64 causal=0 q_pos_base=0): PASS — 128/128 passed (max_diff=1.937e-07)
  case 1 (n_heads=4 n_kv_heads=2 n_kv=512 causal=0 q_pos_base=0): PASS — 512/512 passed (max_diff=4.470e-07)
  case 2 (n_heads=8 n_kv_heads=2 n_kv=256 causal=0 q_pos_base=0): PASS — 1024/1024 passed (max_diff=3.874e-07)
  case 3 (n_heads=2 n_kv_heads=1 n_kv=128 causal=0 q_pos_base=0): PASS — 256/256 passed (max_diff=5.513e-07)
[metal_verify] PASS — 1920/1920 outputs passed across 4 case(s) (tol=1e-03, max_diff=5.513e-07)
  case 0 (n_heads=4 n_kv_heads=2 n_kv=96 causal=1 q_pos_base=17): PASS — 512/512 passed (max_diff=7.749e-07)
  case 1 (n_heads=8 n_kv_heads=2 n_kv=80 causal=1 q_pos_base=0): PASS — 1024/1024 passed (max_diff=4.768e-07)
[metal_verify] PASS — 1536/1536 outputs passed across 2 case(s) (tol=1e-03, max_diff=7.749e-07)
  case 0 (n_heads=1 n_kv_heads=1 n_kv=64 causal=0 q_pos_base=0): PASS — 128/128 passed (max_diff=2.980e-07)
  case 1 (n_heads=4 n_kv_heads=2 n_kv=512 causal=0 q_pos_base=0): PASS — 512/512 passed (max_diff=2.980e-07)
  case 2 (n_heads=8 n_kv_heads=2 n_kv=256 causal=0 q_pos_base=0): PASS — 1024/1024 passed (max_diff=4.768e-07)
  case 3 (n_heads=2 n_kv_heads=1 n_kv=128 causal=0 q_pos_base=0): PASS — 256/256 passed (max_diff=4.172e-07)
[metal_verify] PASS — 1920/1920 outputs passed across 4 case(s) (tol=1e-03, max_diff=4.768e-07)
  case 0 (n_heads=4 n_kv_heads=2 n_kv=96 causal=1 q_pos_base=17): PASS — 512/512 passed (max_diff=9.537e-07)
  case 1 (n_heads=8 n_kv_heads=2 n_kv=80 causal=1 q_pos_base=0): PASS — 1024/1024 passed (max_diff=4.768e-07)
[metal_verify] PASS — 1536/1536 outputs passed across 2 case(s) (tol=1e-03, max_diff=9.537e-07)
